<html>
<head>
<title>TestNG:  Default test</title>
<link href="../testng.css" rel="stylesheet" type="text/css" />
<link href="../my-testng.css" rel="stylesheet" type="text/css" />

<style type="text/css">
.log { display: none;} 
.stack-trace { display: none;} 
</style>
<script type="text/javascript">
<!--
function flip(e) {
  current = e.style.display;
  if (current == 'block') {
    e.style.display = 'none';
    return 0;
  }
  else {
    e.style.display = 'block';
    return 1;
  }
}

function toggleBox(szDivId, elem, msg1, msg2)
{
  var res = -1;  if (document.getElementById) {
    res = flip(document.getElementById(szDivId));
  }
  else if (document.all) {
    // this is the way old msie versions work
    res = flip(document.all[szDivId]);
  }
  if(elem) {
    if(res == 0) elem.innerHTML = msg1; else elem.innerHTML = msg2;
  }

}

function toggleAllBoxes() {
  if (document.getElementsByTagName) {
    d = document.getElementsByTagName('div');
    for (i = 0; i < d.length; i++) {
      if (d[i].className == 'log') {
        flip(d[i]);
      }
    }
  }
}

// -->
</script>

</head>
<body>
<h2 align='center'>Default test</h2><table border='1' align="center">
<tr>
<td>Tests passed/Failed/Skipped:</td><td>0/1/0</td>
</tr><tr>
<td>Started on:</td><td>Thu Sep 19 14:14:48 IST 2019</td>
</tr>
<tr><td>Total time:</td><td>47 seconds (47102 ms)</td>
</tr><tr>
<td>Included groups:</td><td></td>
</tr><tr>
<td>Excluded groups:</td><td></td>
</tr>
</table><p/>
<small><i>(Hover the method name to see the test class name)</i></small><p/>
<table width='100%' border='1' class='invocation-failed'>
<tr><td colspan='4' align='center'><b>FAILED TESTS</b></td></tr>
<tr><td><b>Test method</b></td>
<td width="30%"><b>Exception</b></td>
<td width="10%"><b>Time (seconds)</b></td>
<td><b>Instance</b></td>
</tr>
<tr>
<td title='com.flipkart.qa.testcases.productCategoryPage.AddingMultipleProjectToCartTest.addingMultipleProjectToCartTest()'><b>addingMultipleProjectToCartTest</b><br>Test class: com.flipkart.qa.testcases.productCategoryPage.AddingMultipleProjectToCartTest<br/>
<a href="#Output-137275020" onClick='toggleBox("Output-137275020", this, "Show output", "Hide output");'>Show output</a>

<a href="#Output-137275020" onClick="toggleAllBoxes();">Show all outputs</a>
<div class='log' id="Output-137275020">
Closing Login Popup<br/>
Mouse hovering to Main Menu Electronics<br/>
Mouse hovering to Sub Main Menu Mi<br/>
Cliked on the Sub Main Menu Mi<br/>
Getting Search Result Page Product(Redmi Note 7 Pro (Space Black, 64 GB)) Offer Price<br/>
Clicking Redmi Note 7 Pro (Space Black, 64 GB) from search results<br/>
Getting Product Overview Page Product Offer Price<br/>
Getting Product Overview Page Product Original Price<br/>
Verifiying Search result page Product Offer price 13,999 with product overview page Offer price 13,999<br/>
Verifiying Search result page Product Original price 15,999 with product overview page Offer price 15,999<br/>
clicking add to cart button<br/>
Getting Product Overview Page Product Offer Price<br/>
Getting Product Overview Page Product Original Price<br/>
Getting View Cart Page Product Offer Price<br/>
Getting View Cart Page Product Original Price<br/>
Getting Total Items Text<br/>
Getting View Cart Page My Total Products Size<br/>
Verifiying view page added My cart Total product count 1 with PRICE DETAILS total Items count 1<br/>
Getting View Cart Page My Added Products Total Offer Price<br/>
Getting View Cart Page Total Payable Price<br/>
Verifiying view page added My Cart Total Price 13999 with My Cart Total Payable Price 13999<br/>
Getting View Cart Page My Added Products Total Saving Price<br/>
Getting View Cart Page My Added Products Total Offer Price<br/>
Getting View Cart Page My Added Products Total Orinal Price<br/>
Getting View Cart Page You wil Save Price<br/>
Verifiying view page added My Cart Save Price 2000 with PRICE DETAILS You Will Save Price 2000<br/>
Mouse hovering to Main Menu Men<br/>
Mouse hovering to Sub Main Menu Sports Shoes<br/>
Cliked on the Sub Main Menu Sports Shoes<br/>
Getting Search Result Page Product(WNDR-13 Running Shoes For Men) Offer Price<br/>
Clicking WNDR-13 Running Shoes For Men from search results<br/>
Getting Product Overview Page Product Offer Price<br/>
Getting Product Overview Page Product Original Price<br/>
Verifiying Search result page Product Offer price 592 with product overview page Offer price 592<br/>
Verifiying Search result page Product Original price 999 with product overview page Offer price 699<br/>
</div>
</td>
<td><div><pre>java.lang.AssertionError: expected [699] but found [999]
	at org.testng.Assert.fail(Assert.java:96)
	at org.testng.Assert.failNotEquals(Assert.java:776)
	at org.testng.Assert.assertEqualsImpl(Assert.java:137)
	at org.testng.Assert.assertEquals(Assert.java:118)
	at org.testng.Assert.assertEquals(Assert.java:453)
	at org.testng.Assert.assertEquals(Assert.java:463)
	at com.flipkart.qa.pages.SearchResultPage.verifySearchResultandProjOverviewPricesSame(SearchResultPage.java:87)
	at com.flipkart.qa.testcases.productCategoryPage.AddingMultipleProjectToCartTest.addingMultipleProjectToCartTest(AddingMultipleProjectToCartTest.java:48)
	at sun.reflect.NativeMethodAccessorImpl.invoke0(Native Method)
	at sun.reflect.NativeMethodAccessorImpl.invoke(Unknown Source)
	at sun.reflect.DelegatingMethodAccessorImpl.invoke(Unknown Source)
	at java.lang.reflect.Method.invoke(Unknown Source)
	at org.testng.internal.MethodInvocationHelper.invokeMethod(MethodInvocationHelper.java:124)
	at org.testng.internal.Invoker.invokeMethod(Invoker.java:583)
	at org.testng.internal.Invoker.invokeTestMethod(Invoker.java:719)
	at org.testng.internal.Invoker.invokeTestMethods(Invoker.java:989)
	at org.testng.internal.TestMethodWorker.invokeTestMethods(TestMethodWorker.java:125)
	at org.testng.internal.TestMethodWorker.run(TestMethodWorker.java:109)
	at org.testng.TestRunner.privateRun(TestRunner.java:648)
	at org.testng.TestRunner.run(TestRunner.java:505)
	at org.testng.SuiteRunner.runTest(SuiteRunner.java:455)
	at org.testng.SuiteRunner.runSequentially(SuiteRunner.java:450)
	at org.testng.SuiteRunner.privateRun(SuiteRunner.java:415)
	at org.testng.SuiteRunner.run(SuiteRunner.java:364)
	at org.testng.SuiteRunnerWorker.runSuite(SuiteRunnerWorker.java:52)
	at org.testng.SuiteRunnerWorker.run(SuiteRunnerWorker.java:84)
	at org.testng.TestNG.runSuitesSequentially(TestNG.java:1208)
	at org.testng.TestNG.runSuitesLocally(TestNG.java:1137)
	at org.testng.TestNG.runSuites(TestNG.java:1049)
	at org.testng.TestNG.run(TestNG.java:1017)
	at org.testng.remote.AbstractRemoteTestNG.run(AbstractRemoteTestNG.java:114)
	at org.testng.remote.RemoteTestNG.initAndRun(RemoteTestNG.java:251)
	at org.testng.remote.RemoteTestNG.main(RemoteTestNG.java:77)
</pre></div><a href='#' onClick='toggleBox("stack-trace137275020", this, "Click to show all stack frames", "Click to hide stack frames")'>Click to show all stack frames</a>
<div class='stack-trace' id='stack-trace137275020'><pre>java.lang.AssertionError: expected [699] but found [999]
	at org.testng.Assert.fail(Assert.java:96)
	at org.testng.Assert.failNotEquals(Assert.java:776)
	at org.testng.Assert.assertEqualsImpl(Assert.java:137)
	at org.testng.Assert.assertEquals(Assert.java:118)
	at org.testng.Assert.assertEquals(Assert.java:453)
	at org.testng.Assert.assertEquals(Assert.java:463)
	at com.flipkart.qa.pages.SearchResultPage.verifySearchResultandProjOverviewPricesSame(SearchResultPage.java:87)
	at com.flipkart.qa.testcases.productCategoryPage.AddingMultipleProjectToCartTest.addingMultipleProjectToCartTest(AddingMultipleProjectToCartTest.java:48)
	at sun.reflect.NativeMethodAccessorImpl.invoke0(Native Method)
	at sun.reflect.NativeMethodAccessorImpl.invoke(Unknown Source)
	at sun.reflect.DelegatingMethodAccessorImpl.invoke(Unknown Source)
	at java.lang.reflect.Method.invoke(Unknown Source)
	at org.testng.internal.MethodInvocationHelper.invokeMethod(MethodInvocationHelper.java:124)
	at org.testng.internal.Invoker.invokeMethod(Invoker.java:583)
	at org.testng.internal.Invoker.invokeTestMethod(Invoker.java:719)
	at org.testng.internal.Invoker.invokeTestMethods(Invoker.java:989)
	at org.testng.internal.TestMethodWorker.invokeTestMethods(TestMethodWorker.java:125)
	at org.testng.internal.TestMethodWorker.run(TestMethodWorker.java:109)
	at org.testng.TestRunner.privateRun(TestRunner.java:648)
	at org.testng.TestRunner.run(TestRunner.java:505)
	at org.testng.SuiteRunner.runTest(SuiteRunner.java:455)
	at org.testng.SuiteRunner.runSequentially(SuiteRunner.java:450)
	at org.testng.SuiteRunner.privateRun(SuiteRunner.java:415)
	at org.testng.SuiteRunner.run(SuiteRunner.java:364)
	at org.testng.SuiteRunnerWorker.runSuite(SuiteRunnerWorker.java:52)
	at org.testng.SuiteRunnerWorker.run(SuiteRunnerWorker.java:84)
	at org.testng.TestNG.runSuitesSequentially(TestNG.java:1208)
	at org.testng.TestNG.runSuitesLocally(TestNG.java:1137)
	at org.testng.TestNG.runSuites(TestNG.java:1049)
	at org.testng.TestNG.run(TestNG.java:1017)
	at org.testng.remote.AbstractRemoteTestNG.run(AbstractRemoteTestNG.java:114)
	at org.testng.remote.RemoteTestNG.initAndRun(RemoteTestNG.java:251)
	at org.testng.remote.RemoteTestNG.main(RemoteTestNG.java:77)
</pre></div></td>
<td>33</td>
<td>com.flipkart.qa.testcases.productCategoryPage.AddingMultipleProjectToCartTest@49993335</td></tr>
</table><p>
</body>
</html>