<!DOCTYPE html PUBLIC "-//W3C//DTD XHTML 1.1//EN" "http://www.w3.org/TR/xhtml11/DTD/xhtml11.dtd">
<html xmlns="http://www.w3.org/1999/xhtml">
<head>
<meta http-equiv="content-type" content="text/html; charset=UTF-8"/>
<title>TestNG Report</title>
<style type="text/css">table {margin-bottom:10px;border-collapse:collapse;empty-cells:show}th,td {border:1px solid #009;padding:.25em .5em}th {vertical-align:bottom}td {vertical-align:top}table a {font-weight:bold}.stripe td {background-color: #E6EBF9}.num {text-align:right}.passedodd td {background-color: #3F3}.passedeven td {background-color: #0A0}.skippedodd td {background-color: #DDD}.skippedeven td {background-color: #CCC}.failedodd td,.attn {background-color: #F33}.failedeven td,.stripe .attn {background-color: #D00}.stacktrace {white-space:pre;font-family:monospace}.totop {font-size:85%;text-align:center;border-bottom:2px solid #000}.invisible {display:none}</style>
</head>
<body>
<table>
<tr><th>Test</th><th># Passed</th><th># Skipped</th><th># Failed</th><th>Time (ms)</th><th>Included Groups</th><th>Excluded Groups</th></tr>
<tr><th colspan="7">Verifying HomePage Login Test</th></tr>
<tr><td><a href="#t0">Verify Login With Valid Credentials</a></td><td class="num">2</td><td class="num">0</td><td class="num attn">1</td><td class="num">20,540</td><td></td><td></td></tr>
<tr><th colspan="7">Test Suite for FlipKart Website</th></tr>
<tr><th colspan="7">Search Result Page Verification</th></tr>
<tr class="stripe"><td><a href="#t1">Adding Single Project To Cart Test</a></td><td class="num">1</td><td class="num">0</td><td class="num">0</td><td class="num">18,525</td><td></td><td></td></tr>
<tr><th>Total</th><th class="num">3</th><th class="num">0</th><th class="num attn">1</th><th class="num">39,065</th><th colspan="2"></th></tr>
</table>
<table id='summary'><thead><tr><th>Class</th><th>Method</th><th>Start</th><th>Time (ms)</th></tr></thead><tbody><tr><th colspan="4">Verifying HomePage Login Test</th></tr></tbody><tbody id="t0"><tr><th colspan="4">Verify Login With Valid Credentials &#8212; failed</th></tr><tr class="failedeven"><td rowspan="1">com.flipkart.qa.testcases.homepage.LoginTestValidInput</td><td><a href="#m0">loginTestWithValidInput</a></td><td rowspan="1">1565969912360</td><td rowspan="1">5292</td></tr><tr><th colspan="4">Verify Login With Valid Credentials &#8212; passed</th></tr><tr class="passedeven"><td rowspan="2">com.flipkart.qa.testcases.homepage.LoginTestValidInput</td><td><a href="#m1">loginTestWithValidInput</a></td><td rowspan="2">1565969906635</td><td rowspan="2">3223</td></tr><tr class="passedeven"><td><a href="#m2">loginTestWithValidInput</a></td></tr></tbody>
<tbody><tr><th colspan="4">Test Suite for FlipKart Website</th></tr></tbody><tbody><tr><th colspan="4">Search Result Page Verification</th></tr></tbody><tbody id="t1"><tr><th colspan="4">Adding Single Project To Cart Test &#8212; passed</th></tr><tr class="passedeven"><td rowspan="1">com.flipkart.qa.testcases.productCategoryPage.AddingSingleProjectToCartTest</td><td><a href="#m3">addingSingleProjectToCartTest</a></td><td rowspan="1">1565969927319</td><td rowspan="1">9447</td></tr></tbody>
</table>
<h2>Verify Login With Valid Credentials</h2><h3 id="m0">com.flipkart.qa.testcases.homepage.LoginTestValidInput#loginTestWithValidInput</h3><table class="result"><tr class="param"><th>Parameter #1</th><th>Parameter #2</th><th>Parameter #3</th></tr><tr class="param stripe"><td>8553610403</td><td>f17890k</td><td>Y</td></tr><tr><th colspan="3">Messages</th></tr><tr><td colspan="3"><div class="messages">loginTestWithValidInput is started successfully<br/>Login into application<br/>Entering Email Id 0r Mobile Number 8553610403<br/>Entering Password f17890k<br/>clicked f17890k<br/>loginTestWithValidInput is failed..org.openqa.selenium.NoSuchElementException: no such element: Unable to locate element: {"method":"xpath","selector":"//*[@id='container']/div/div[1]/div[1]/div[2]/div[3]/div/div/div/div"}
  (Session info: chrome=76.0.3809.100)
For documentation on this error, please visit: https://www.seleniumhq.org/exceptions/no_such_element.html
Build info: version: '3.141.59', revision: 'e82be7d358', time: '2018-11-14T08:17:03'
System info: host: 'HML-058', ip: '192.168.0.5', os.name: 'Windows 10', os.arch: 'amd64', os.version: '10.0', java.version: '1.8.0_181'
Driver info: org.openqa.selenium.chrome.ChromeDriver
Capabilities {acceptInsecureCerts: false, browserName: chrome, browserVersion: 76.0.3809.100, chrome: {chromedriverVersion: 76.0.3809.68 (420c9498db8ce..., userDataDir: C:\Users\HOUSIN~1\AppData\L...}, goog:chromeOptions: {debuggerAddress: localhost:58807}, javascriptEnabled: true, networkConnectionEnabled: false, pageLoadStrategy: normal, platform: XP, platformName: XP, proxy: Proxy(), setWindowRect: true, strictFileInteractability: false, timeouts: {implicit: 0, pageLoad: 300000, script: 30000}, unhandledPromptBehavior: dismiss and notify}
Session ID: 72f6b952652cc415ab215d3f0f9112a5
*** Element info: {Using=xpath, value=//*[@id='container']/div/div[1]/div[1]/div[2]/div[3]/div/div/div/div}</div></td></tr><tr><th colspan="3">Exception</th></tr><tr><td colspan="3"><div class="stacktrace">org.openqa.selenium.NoSuchElementException: no such element: Unable to locate element: {&quot;method&quot;:&quot;xpath&quot;,&quot;selector&quot;:&quot;//*[@id=&apos;container&apos;]/div/div[1]/div[1]/div[2]/div[3]/div/div/div/div&quot;}
  (Session info: chrome=76.0.3809.100)
For documentation on this error, please visit: https://www.seleniumhq.org/exceptions/no_such_element.html
Build info: version: &apos;3.141.59&apos;, revision: &apos;e82be7d358&apos;, time: &apos;2018-11-14T08:17:03&apos;
System info: host: &apos;HML-058&apos;, ip: &apos;192.168.0.5&apos;, os.name: &apos;Windows 10&apos;, os.arch: &apos;amd64&apos;, os.version: &apos;10.0&apos;, java.version: &apos;1.8.0_181&apos;
Driver info: org.openqa.selenium.chrome.ChromeDriver
Capabilities {acceptInsecureCerts: false, browserName: chrome, browserVersion: 76.0.3809.100, chrome: {chromedriverVersion: 76.0.3809.68 (420c9498db8ce..., userDataDir: C:\Users\HOUSIN~1\AppData\L...}, goog:chromeOptions: {debuggerAddress: localhost:58807}, javascriptEnabled: true, networkConnectionEnabled: false, pageLoadStrategy: normal, platform: XP, platformName: XP, proxy: Proxy(), setWindowRect: true, strictFileInteractability: false, timeouts: {implicit: 0, pageLoad: 300000, script: 30000}, unhandledPromptBehavior: dismiss and notify}
Session ID: 72f6b952652cc415ab215d3f0f9112a5
*** Element info: {Using=xpath, value=//*[@id=&apos;container&apos;]/div/div[1]/div[1]/div[2]/div[3]/div/div/div/div}
	at org.openqa.selenium.remote.http.W3CHttpResponseCodec.createException(W3CHttpResponseCodec.java:187)
	at org.openqa.selenium.remote.http.W3CHttpResponseCodec.decode(W3CHttpResponseCodec.java:122)
	at org.openqa.selenium.remote.http.W3CHttpResponseCodec.decode(W3CHttpResponseCodec.java:49)
	at org.openqa.selenium.remote.HttpCommandExecutor.execute(HttpCommandExecutor.java:158)
	at org.openqa.selenium.remote.service.DriverCommandExecutor.execute(DriverCommandExecutor.java:83)
	at org.openqa.selenium.remote.RemoteWebDriver.execute(RemoteWebDriver.java:552)
	at org.openqa.selenium.remote.RemoteWebDriver.findElement(RemoteWebDriver.java:323)
	at org.openqa.selenium.remote.RemoteWebDriver.findElementByXPath(RemoteWebDriver.java:428)
	at org.openqa.selenium.By$ByXPath.findElement(By.java:353)
	at org.openqa.selenium.remote.RemoteWebDriver.findElement(RemoteWebDriver.java:315)
	at org.openqa.selenium.support.pagefactory.DefaultElementLocator.findElement(DefaultElementLocator.java:69)
	at org.openqa.selenium.support.pagefactory.internal.LocatingElementHandler.invoke(LocatingElementHandler.java:38)
	at com.sun.proxy.$Proxy14.getText(Unknown Source)
	at com.flipkart.qa.util.ExplicitWait.waitForWebElementToVisible(ExplicitWait.java:23)
	at com.flipkart.qa.pages.HomePage.verifySuccessLoginMsg(HomePage.java:71)
	at com.flipkart.qa.testcases.homepage.LoginTestValidInput.loginTestWithValidInput(LoginTestValidInput.java:43)
... Removed 30 stack frames</div></td></tr></table><p class="totop"><a href="#summary">back to summary</a></p>
<h3 id="m1">com.flipkart.qa.testcases.homepage.LoginTestValidInput#loginTestWithValidInput</h3><table class="result"><tr class="param"><th>Parameter #1</th><th>Parameter #2</th><th>Parameter #3</th></tr><tr class="param stripe"><td>floret.classifiedads5@gmail.com</td><td>70307134506</td><td>Y</td></tr><tr><th colspan="3">Messages</th></tr><tr><td colspan="3"><div class="messages">loginTestWithValidInput is started successfully<br/>Login into application<br/>Entering Email Id 0r Mobile Number floret.classifiedads5@gmail.com<br/>Entering Password 70307134506<br/>clicked 70307134506<br/>Logout Successfully<br/>loginTestWithValidInput test case is passed</div></td></tr></table><p class="totop"><a href="#summary">back to summary</a></p>
<h3 id="m2">com.flipkart.qa.testcases.homepage.LoginTestValidInput#loginTestWithValidInput</h3><table class="result"><tr class="param"><th>Parameter #1</th><th>Parameter #2</th><th>Parameter #3</th></tr><tr class="param stripe"><td>floret.classifiedads5@gmail.com</td><td>70307134506</td><td>Y</td></tr><tr><th colspan="3">Messages</th></tr><tr><td colspan="3"><div class="messages">loginTestWithValidInput is started successfully<br/>Login into application<br/>Entering Email Id 0r Mobile Number floret.classifiedads5@gmail.com<br/>Entering Password 70307134506<br/>clicked 70307134506<br/>Logout Successfully<br/>loginTestWithValidInput test case is passed</div></td></tr></table><p class="totop"><a href="#summary">back to summary</a></p>
<h2>Adding Single Project To Cart Test</h2><h3 id="m3">com.flipkart.qa.testcases.productCategoryPage.AddingSingleProjectToCartTest#addingSingleProjectToCartTest</h3><table class="result"><tr><th>Messages</th></tr><tr><td><div class="messages">addingSingleProjectToCartTest is started successfully<br/>Closing Login Popup<br/>Mouse overing to Main Menu Electronics<br/>Mouse overing to Sub Main Menu Mi<br/>Cliked on the Sub Main Menu Mi<br/>Getting Search Result Page Product(Redmi Note 7 Pro (Space Black, 64 GB)) Offer Price<br/>Getting Search Result Page Product(Redmi Note 7 Pro (Space Black, 64 GB)) Original Price<br/>Clicking Redmi Note 7 Pro (Space Black, 64 GB) from search results<br/>switching to 2 window<br/>Getting Product Overview Page Product Offer Price<br/>Getting Product Overview Page Product Original Price<br/>Verifiying Search result page Product Offer price 13,999 with product overview Offer price 13,999<br/>Verifiying Search result page Product Original price 15,999 with product overview Offer price 15,999<br/>Getting Product Overview Page Product Offer Price<br/>clicking add to cart button<br/>Getting Product Overview Page Product Offer Price<br/>Getting Product Overview Page Product Original Price<br/>Getting View Cart Page Product Offer Price<br/>Getting View Cart Page Product Original Price<br/>Verifiying Product overview page Offer price 13,999 with ViewCart Page Offer price 13,999<br/>Verifiying Product overview page Product Original price 15,999 with ViewCart Page Offer price 15,999<br/>Getting Total Items Text<br/>Getting View Cart Page My Total Products Size<br/>Verifiying view page added My cart Total product count 1 with PRICE DETAILS totalIems count 1<br/>Getting View Cart Page My Added Products Total Offer Price<br/>Getting View Cart Page Total Payable Price<br/>Verifiying view page added My Cart Total Price 13999 with My Cart Total Payable Price 13999<br/>Getting View Cart Page My Added Products Total Saving Price<br/>Getting View Cart Page My Added Products Total Offer Price<br/>Getting View Cart Page My Added Products Total Orinal Price<br/>Getting View Cart Page You wil Save Price<br/>Verifiying view page added My Cart Save Price 2000 with PRICE DETAILS You Will Save Price 2000<br/>addingSingleProjectToCartTest test case is passed</div></td></tr></table><p class="totop"><a href="#summary">back to summary</a></p>
</body>
</html>
